<?xml version="1.0" encoding="utf-8"?><testsuites name="pytest tests"><testsuite name="pytest" errors="0" failures="1" skipped="0" tests="12" time="5.480" timestamp="2026-08-06T15:40:44.444045+00:00" hostname="agent-env-120f7193-4bde-4c1e-8817-413adce89d25"><testcase classname="tests.test_iteration_16_verify.TestSignupVerification" name="test_signup_response_has_email_verified_false" time="0.838"><failure message="AssertionError: assert 'test_verify_...2@example.com' == 'TEST_verify_...2@example.com'&#10;  &#10;  - TEST_verify_70c1190f92@example.com&#10;  ? ^^^^&#10;  + test_verify_70c1190f92@example.com&#10;  ? ^^^^">tests/test_iteration_16_verify.py:47: in test_signup_response_has_email_verified_false
    assert fresh_user["user"]["email"] == fresh_user["email"]
E   AssertionError: assert 'test_verify_...2@example.com' == 'TEST_verify_...2@example.com'
E     
E     - TEST_verify_70c1190f92@example.com
E     ? ^^^^
E     + test_verify_70c1190f92@example.com
E     ? ^^^^</failure></testcase><testcase classname="tests.test_iteration_16_verify.TestSignupVerification" name="test_me_returns_email_verified_false" time="0.205" /><testcase classname="tests.test_iteration_16_verify.TestVerifyEmail" name="test_wrong_code_returns_400_localized" time="0.992" /><testcase classname="tests.test_iteration_16_verify.TestVerifyEmail" name="test_wrong_code_de_localized" time="0.131" /><testcase classname="tests.test_iteration_16_verify.TestSignupVerification" name="test_email_event_recorded" time="2.505" /><testcase classname="tests.test_iteration_16_verify.TestVerifyEmail" name="test_verify_requires_auth" time="0.200" /><testcase classname="tests.test_iteration_16_verify.TestRegression" name="test_demo_login_and_me" time="0.823" /><testcase classname="tests.test_iteration_16_verify.TestRegression" name="test_google_invalid_session" time="0.219" /><testcase classname="tests.test_iteration_16_verify.TestRegression" name="test_apple_invalid_token" time="0.139" /><testcase classname="tests.test_iteration_16_verify.TestResendVerification" name="test_resend_ok" time="0.146" /><testcase classname="tests.test_iteration_16_verify.TestResendVerification" name="test_resend_rate_limit" time="0.505" /><testcase classname="tests.test_iteration_16_verify.TestResendVerification" name="test_resend_verified_user_is_ok" time="0.700" /></testsuite></testsuites>