<?xml version="1.0" encoding="utf-8"?><testsuites name="pytest tests"><testsuite name="pytest" errors="0" failures="0" skipped="0" tests="8" time="46.075" timestamp="2026-08-31T17:54:18.351766+00:00" hostname="agent-env-120f7193-4bde-4c1e-8817-413adce89d25"><testcase classname="tests.test_iteration_28_tutor_followups.TestRegressionHistoryStatus" name="test_status_fields_unaffected" time="1.014" /><testcase classname="tests.test_iteration_28_tutor_followups.TestFollowUpQuestionsNormalAnswer" name="test_followups_present_and_clean[en]" time="9.144" /><testcase classname="tests.test_iteration_28_tutor_followups.TestRegressionHistoryStatus" name="test_history_fields_unaffected" time="10.253" /><testcase classname="tests.test_iteration_28_tutor_followups.TestFollowUpQuestionsNormalAnswer" name="test_followups_present_and_clean[de]" time="11.783" /><testcase classname="tests.test_iteration_28_tutor_followups.TestAdviceRefusalFollowups" name="test_advice_refusal_empty_followups" time="0.072" /><testcase classname="tests.test_iteration_28_tutor_followups.TestFollowUpQuestionsNormalAnswer" name="test_followups_present_and_clean[es]" time="10.090" /><testcase classname="tests.test_iteration_28_tutor_followups.TestFollowUpQuestionsNormalAnswer" name="test_followups_language_match_de" time="6.965" /><testcase classname="tests.test_iteration_28_tutor_followups.TestFollowUpQuestionsNormalAnswer" name="test_followups_language_match_es" time="7.754" /></testsuite></testsuites>