<?xml version="1.0" encoding="utf-8"?><testsuites name="pytest tests"><testsuite name="pytest" errors="0" failures="0" skipped="0" tests="9" time="5.376" timestamp="2026-09-01T22:29:43.169249+00:00" hostname="agent-env-120f7193-4bde-4c1e-8817-413adce89d25"><testcase classname="tests.test_iteration_35_answer_shuffle.TestCompleteRegressions" name="test_lesson_complete_still_works" time="1.198" /><testcase classname="tests.test_iteration_35_answer_shuffle.TestLessonShuffle" name="test_answer_index_varies_and_correct_text_stable[en]" time="2.348" /><testcase classname="tests.test_iteration_35_answer_shuffle.TestCompleteRegressions" name="test_practice_complete_still_works" time="0.067" /><testcase classname="tests.test_iteration_35_answer_shuffle.TestCompleteRegressions" name="test_duel_complete_still_works" time="0.185" /><testcase classname="tests.test_iteration_35_answer_shuffle.TestPracticeShuffle" name="test_practice_answer_index_varies_and_correct" time="1.034" /><testcase classname="tests.test_iteration_35_answer_shuffle.TestLessonShuffle" name="test_answer_index_varies_and_correct_text_stable[de]" time="1.267" /><testcase classname="tests.test_iteration_35_answer_shuffle.TestDuelShuffle" name="test_duel_option_order_can_vary_across_fetches_and_stays_correct" time="0.486" /><testcase classname="tests.test_iteration_35_answer_shuffle.TestLessonShuffle" name="test_answer_index_varies_and_correct_text_stable[es]" time="1.309" /><testcase classname="tests.test_iteration_35_answer_shuffle.TestLessonShuffle" name="test_lesson_not_found_returns_404" time="0.102" /></testsuite></testsuites>