<?xml version="1.0" encoding="utf-8"?><testsuites name="pytest tests"><testsuite name="pytest" errors="0" failures="0" skipped="0" tests="8" time="3.895" timestamp="2026-09-02T22:08:26.184952+00:00" hostname="agent-env-120f7193-4bde-4c1e-8817-413adce89d25"><testcase classname="tests.test_iteration_40_practice_pro_gate.TestPracticeGatePremium" name="test_practice_get_200_within_trial" time="0.950" /><testcase classname="tests.test_iteration_40_practice_pro_gate.TestPracticeGateNonPremium" name="test_practice_get_403_after_trial_expired" time="1.021" /><testcase classname="tests.test_iteration_40_practice_pro_gate.TestPracticeGatePremium" name="test_practice_complete_200_within_trial" time="0.754" /><testcase classname="tests.test_iteration_40_practice_pro_gate.TestPracticeGateNonPremium" name="test_practice_complete_403_after_trial_expired" time="0.628" /><testcase classname="tests.test_iteration_40_practice_pro_gate.TestPracticeGateNonPremium" name="test_practice_403_localized[de-de]" time="0.425" /><testcase classname="tests.test_iteration_40_practice_pro_gate.TestPracticeGateNonPremium" name="test_practice_403_localized[es-es]" time="0.417" /><testcase classname="tests.test_iteration_40_practice_pro_gate.TestPracticeGateNonPremium" name="test_practice_403_localized[en-en]" time="0.418" /><testcase classname="tests.test_iteration_40_practice_pro_gate.TestPracticeGateNonPremium" name="test_duels_still_free_for_non_premium" time="0.418" /></testsuite></testsuites>