<?xml version="1.0" encoding="utf-8"?><testsuites name="pytest tests"><testsuite name="pytest" errors="0" failures="0" skipped="0" tests="9" time="33.978" timestamp="2026-08-30T14:09:56.343834+00:00" hostname="agent-env-120f7193-4bde-4c1e-8817-413adce89d25"><testcase classname="tests.test_iteration_22_tutor_jargon_prompt.TestJargonDefinitionInline" name="test_english_dividend_question" time="9.049" /><testcase classname="tests.test_iteration_22_tutor_jargon_prompt.TestAdviceRefusalRegression" name="test_should_i_buy_tesla_refused" time="1.104" /><testcase classname="tests.test_iteration_22_tutor_jargon_prompt.TestAdviceRefusalRegression" name="test_invest_10000_refused" time="0.061" /><testcase classname="tests.test_iteration_22_tutor_jargon_prompt.TestDisclaimerRegression" name="test_disclaimer_present_once_en" time="9.002" /><testcase classname="tests.test_iteration_22_tutor_jargon_prompt.TestJargonDefinitionInline" name="test_german_dividend_question" time="8.821" /><testcase classname="tests.test_iteration_22_tutor_jargon_prompt.TestDisclaimerRegression" name="test_disclaimer_present_de" time="10.875" /><testcase classname="tests.test_iteration_22_tutor_jargon_prompt.TestJargonDefinitionInline" name="test_spanish_dividend_question" time="7.302" /><testcase classname="tests.test_iteration_22_tutor_jargon_prompt.TestConciseness" name="test_reply_not_too_long" time="10.354" /><testcase classname="tests.test_iteration_22_tutor_jargon_prompt.TestNoLiveDataInvented" name="test_no_price_when_not_provided" time="8.499" /></testsuite></testsuites>