<?xml version="1.0" encoding="utf-8"?><testsuites name="pytest tests"><testsuite name="pytest" errors="0" failures="0" skipped="0" tests="7" time="5.813" timestamp="2026-09-02T22:37:30.227179+00:00" hostname="agent-env-120f7193-4bde-4c1e-8817-413adce89d25"><testcase classname="tests.test_iteration_42_placement_quiz_difficulty.TestPlacementQuizExperienceSome" name="test_some_returns_6_tier_le_4" time="0.843" /><testcase classname="tests.test_iteration_42_placement_quiz_difficulty.TestPlacementQuizExperienceAdvanced" name="test_advanced_returns_6_tier_le_5" time="2.545" /><testcase classname="tests.test_iteration_42_placement_quiz_difficulty.TestPlacementQuizNoExperienceParam" name="test_missing_experience_param_defaults_safely" time="0.476" /><testcase classname="tests.test_iteration_42_placement_quiz_difficulty.TestPlacementQuizNoExperienceParam" name="test_unexpected_experience_value_defaults_to_tier_2" time="0.460" /><testcase classname="tests.test_iteration_42_placement_quiz_difficulty.TestPlacementQuizCompleteRegression" name="test_complete_with_6_total_partial_score" time="0.699" /><testcase classname="tests.test_iteration_42_placement_quiz_difficulty.TestPlacementQuizCompleteRegression" name="test_complete_perfect_score_caps_at_150_lessons" time="0.627" /><testcase classname="tests.test_iteration_42_placement_quiz_difficulty.TestPlacementQuizCompleteRegression" name="test_requires_auth_no_token" time="0.108" /></testsuite></testsuites>