<?xml version="1.0" encoding="utf-8"?><testsuites name="pytest tests"><testsuite name="pytest" errors="0" failures="1" skipped="0" tests="14" time="4.968" timestamp="2026-08-30T12:36:03.289809+00:00" hostname="agent-env-120f7193-4bde-4c1e-8817-413adce89d25"><testcase classname="tests.test_iteration_18_marketing_optin.TestConfirmMarketingWrongCode" name="test_setup_pending" time="1.064" /><testcase classname="tests.test_iteration_18_marketing_optin.TestConsentsMarketingOptIn" name="test_marketing_true_stays_false_and_pending" time="1.144" /><testcase classname="tests.test_iteration_18_marketing_optin.TestConfirmMarketingWrongCode" name="test_wrong_code_400_and_attempts_incremented" time="0.319" /><testcase classname="tests.test_iteration_18_marketing_optin.TestConsentsMarketingOptIn" name="test_marketing_consents_doc_created" time="0.005" /><testcase classname="tests.test_iteration_18_marketing_optin.TestConsentsMarketingOptIn" name="test_email_event_marketing_confirmation_logged" time="2.501" /><testcase classname="tests.test_iteration_18_marketing_optin.TestConfirmMarketingWrongCode" name="test_rate_limit_after_6_wrong_attempts" time="0.647" /><testcase classname="tests.test_iteration_18_marketing_optin.TestEmailVerificationRegression" name="test_verify_email_wrong_code_still_400" time="0.207" /><testcase classname="tests.test_iteration_18_marketing_optin.TestEmailVerificationRegression" name="test_resend_verification_still_ok" time="0.141" /><testcase classname="tests.test_iteration_18_marketing_optin.TestEmailVerificationRegression" name="test_email_verifications_collection_independent" time="0.001" /><testcase classname="tests.test_iteration_18_marketing_optin.TestResendMarketingCode" name="test_resend_ok_and_new_doc" time="0.123" /><testcase classname="tests.test_iteration_18_marketing_optin.TestResendMarketingCode" name="test_resend_rate_limit_after_3" time="0.532" /><testcase classname="tests.test_iteration_18_marketing_optin.TestConfirmMarketingHappyPath" name="test_confirm_with_known_code" time="1.047"><failure message="AssertionError: assert 'consent_marketing_confirmed_at' in {'user_id': 'user_d016209a3ad4', 'email': 'test_mktg_happy_fc37c69cc3@example.com', 'name': 'Happy Tester', 'picture': None, ...}">backend/tests/test_iteration_18_marketing_optin.py:169: in test_confirm_with_known_code
    assert "consent_marketing_confirmed_at" in user
E   AssertionError: assert 'consent_marketing_confirmed_at' in {'user_id': 'user_d016209a3ad4', 'email': 'test_mktg_happy_fc37c69cc3@example.com', 'name': 'Happy Tester', 'picture': None, ...}</failure></testcase><testcase classname="tests.test_iteration_18_marketing_optin.TestConsentsMarketingOptIn" name="test_analytics_product_toggle_immediate" time="0.103" /><testcase classname="tests.test_iteration_18_marketing_optin.TestConsentsMarketingOptIn" name="test_marketing_false_immediate_no_pending" time="0.365" /></testsuite></testsuites>