<?xml version="1.0" encoding="utf-8"?><testsuites name="pytest tests"><testsuite name="pytest" errors="0" failures="0" skipped="0" tests="11" time="7.852" timestamp="2026-07-24T09:20:17.991270+00:00" hostname="agent-env-120f7193-4bde-4c1e-8817-413adce89d25"><testcase classname="tests.test_new_features" name="test_signup_grants_trial" time="0.491" /><testcase classname="tests.test_new_features" name="test_pro_plan_endpoint" time="0.047" /><testcase classname="tests.test_new_features" name="test_curriculum_pro_units" time="0.043" /><testcase classname="tests.test_new_features" name="test_lesson_l10_accessible_for_trial" time="0.044" /><testcase classname="tests.test_new_features" name="test_tutor_status_pro_user" time="0.042" /><testcase classname="tests.test_new_features" name="test_tutor_chat_returns_reply" time="6.612" /><testcase classname="tests.test_new_features" name="test_tutor_chat_empty_message" time="0.049" /><testcase classname="tests.test_new_features" name="test_tutor_history_after_chat" time="0.043" /><testcase classname="tests.test_new_features" name="test_subscription_create_503_when_unconfigured" time="0.043" /><testcase classname="tests.test_new_features" name="test_subscription_status_no_error" time="0.042" /><testcase classname="tests.test_new_features" name="test_subscription_cancel_no_error" time="0.084" /></testsuite></testsuites>