<?xml version="1.0" encoding="utf-8"?><testsuites name="pytest tests"><testsuite name="pytest" errors="0" failures="0" skipped="0" tests="7" time="8.902" timestamp="2026-09-02T22:51:21.689079+00:00" hostname="agent-env-120f7193-4bde-4c1e-8817-413adce89d25"><testcase classname="tests.test_practice_pro_gating.TestTrialUserBlockedFromPractice" name="test_trial_user_get_practice_403" time="6.153" /><testcase classname="tests.test_practice_pro_gating.TestSubscribedUserAllowedPractice" name="test_pro_active_user_get_practice_200" time="6.046" /><testcase classname="tests.test_practice_pro_gating.TestSubscribedUserAllowedPractice" name="test_pro_active_user_post_practice_complete_200" time="0.734" /><testcase classname="tests.test_practice_pro_gating.TestTrialUserBlockedFromPractice" name="test_trial_user_post_practice_complete_403" time="0.725" /><testcase classname="tests.test_practice_pro_gating.TestPremiumLessonRegressionTrialAccess" name="test_trial_user_can_access_pro_unit_lesson" time="1.056" /><testcase classname="tests.test_practice_pro_gating.TestFounderOverride" name="test_founder_practice_access" time="0.914" /><testcase classname="tests.test_practice_pro_gating.TestGeneralAuthMeUnaffected" name="test_trial_user_auth_me_is_pro_true" time="0.460" /></testsuite></testsuites>