<?xml version="1.0" encoding="utf-8"?><testsuites name="pytest tests"><testsuite name="pytest" errors="0" failures="0" skipped="0" tests="14" time="4.461" timestamp="2026-08-30T12:44:51.113974+00:00" hostname="agent-env-120f7193-4bde-4c1e-8817-413adce89d25"><testcase classname="tests.test_iteration_18_marketing_optin.TestConsentsMarketingOptIn" name="test_marketing_true_stays_false_and_pending" time="1.080" /><testcase classname="tests.test_iteration_18_marketing_optin.TestConfirmMarketingWrongCode" name="test_setup_pending" time="0.981" /><testcase classname="tests.test_iteration_18_marketing_optin.TestConfirmMarketingWrongCode" name="test_wrong_code_400_and_attempts_incremented" time="0.268" /><testcase classname="tests.test_iteration_18_marketing_optin.TestConsentsMarketingOptIn" name="test_marketing_consents_doc_created" time="0.004" /><testcase classname="tests.test_iteration_18_marketing_optin.TestConsentsMarketingOptIn" name="test_email_event_marketing_confirmation_logged" time="2.501" /><testcase classname="tests.test_iteration_18_marketing_optin.TestConfirmMarketingWrongCode" name="test_rate_limit_after_6_wrong_attempts" time="0.731" /><testcase classname="tests.test_iteration_18_marketing_optin.TestEmailVerificationRegression" name="test_verify_email_wrong_code_still_400" time="0.109" /><testcase classname="tests.test_iteration_18_marketing_optin.TestEmailVerificationRegression" name="test_resend_verification_still_ok" time="0.125" /><testcase classname="tests.test_iteration_18_marketing_optin.TestEmailVerificationRegression" name="test_email_verifications_collection_independent" time="0.001" /><testcase classname="tests.test_iteration_18_marketing_optin.TestResendMarketingCode" name="test_resend_ok_and_new_doc" time="0.130" /><testcase classname="tests.test_iteration_18_marketing_optin.TestResendMarketingCode" name="test_resend_rate_limit_after_3" time="0.390" /><testcase classname="tests.test_iteration_18_marketing_optin.TestConfirmMarketingHappyPath" name="test_confirm_with_known_code" time="1.083" /><testcase classname="tests.test_iteration_18_marketing_optin.TestConsentsMarketingOptIn" name="test_analytics_product_toggle_immediate" time="0.123" /><testcase classname="tests.test_iteration_18_marketing_optin.TestConsentsMarketingOptIn" name="test_marketing_false_immediate_no_pending" time="0.296" /></testsuite></testsuites>