<?xml version="1.0" encoding="utf-8"?><testsuites name="pytest tests"><testsuite name="pytest" errors="0" failures="0" skipped="0" tests="21" time="5.660" timestamp="2026-07-29T15:45:12.710341+00:00" hostname="agent-env-120f7193-4bde-4c1e-8817-413adce89d25"><testcase classname="tests.test_iteration_9_i18n_errors" name="test_login_bad_credentials_localized[en]" time="0.591" /><testcase classname="tests.test_iteration_9_i18n_errors" name="test_login_bad_credentials_localized[de]" time="0.491" /><testcase classname="tests.test_iteration_9_i18n_errors" name="test_login_bad_credentials_localized[es]" time="0.488" /><testcase classname="tests.test_iteration_9_i18n_errors" name="test_login_wrong_password_for_existing_user[en]" time="0.762" /><testcase classname="tests.test_iteration_9_i18n_errors" name="test_login_wrong_password_for_existing_user[de]" time="0.489" /><testcase classname="tests.test_iteration_9_i18n_errors" name="test_login_wrong_password_for_existing_user[es]" time="0.488" /><testcase classname="tests.test_iteration_9_i18n_errors" name="test_signup_duplicate_email_localized[en]" time="0.044" /><testcase classname="tests.test_iteration_9_i18n_errors" name="test_signup_duplicate_email_localized[de]" time="0.046" /><testcase classname="tests.test_iteration_9_i18n_errors" name="test_signup_duplicate_email_localized[es]" time="0.047" /><testcase classname="tests.test_iteration_9_i18n_errors" name="test_stock_not_found_localized[en]" time="0.046" /><testcase classname="tests.test_iteration_9_i18n_errors" name="test_stock_not_found_localized[de]" time="0.050" /><testcase classname="tests.test_iteration_9_i18n_errors" name="test_stock_not_found_localized[es]" time="0.055" /><testcase classname="tests.test_iteration_9_i18n_errors" name="test_missing_token_localized[en]" time="0.048" /><testcase classname="tests.test_iteration_9_i18n_errors" name="test_missing_token_localized[de]" time="0.048" /><testcase classname="tests.test_iteration_9_i18n_errors" name="test_missing_token_localized[es]" time="0.043" /><testcase classname="tests.test_iteration_9_i18n_errors" name="test_invalid_token_localized[en]" time="0.052" /><testcase classname="tests.test_iteration_9_i18n_errors" name="test_invalid_token_localized[de]" time="0.043" /><testcase classname="tests.test_iteration_9_i18n_errors" name="test_invalid_token_localized[es]" time="0.043" /><testcase classname="tests.test_iteration_9_i18n_errors" name="test_login_success_regression" time="0.490" /><testcase classname="tests.test_iteration_9_i18n_errors" name="test_accept_language_region_tag_de_de" time="0.490" /><testcase classname="tests.test_iteration_9_i18n_errors" name="test_accept_language_unknown_falls_back_to_en" time="0.494" /></testsuite></testsuites>