<?xml version="1.0" encoding="utf-8"?><testsuites name="pytest tests"><testsuite name="pytest" errors="0" failures="0" skipped="0" tests="7" time="35.552" timestamp="2026-09-02T23:04:55.297943+00:00" hostname="agent-env-120f7193-4bde-4c1e-8817-413adce89d25"><testcase classname="tests.test_iteration_45_tutor_historical_figures.TestAdviceRefusalUnaffected" name="test_advice_refusal_empty_followups" time="0.907" /><testcase classname="tests.test_iteration_45_tutor_historical_figures.TestHistoricalFiguresRule" name="test_no_confident_precise_unverified_figure[en-What was Apple's exact revenue in 2021, down to the dollar?]" time="7.277" /><testcase classname="tests.test_iteration_45_tutor_historical_figures.TestLiveDataHonestyUnaffected" name="test_current_price_not_fabricated" time="5.950" /><testcase classname="tests.test_iteration_45_tutor_historical_figures.TestHistoricalFiguresRule" name="test_no_confident_precise_unverified_figure[de-Wie hoch war der genaue Umsatz von Apple im Jahr 2021?]" time="11.166" /><testcase classname="tests.test_iteration_45_tutor_historical_figures.TestHistoricalFiguresRule" name="test_conciseness_cap_still_holds" time="5.542" /><testcase classname="tests.test_iteration_45_tutor_historical_figures.TestHistoricalFiguresRule" name="test_followups_still_returned" time="6.262" /><testcase classname="tests.test_iteration_45_tutor_historical_figures.TestHistoricalFiguresRule" name="test_no_markdown_still_holds" time="4.972" /></testsuite></testsuites>