<?xml version="1.0" encoding="utf-8"?><testsuites name="pytest tests"><testsuite name="pytest" errors="0" failures="2" skipped="0" tests="10" time="5.676" timestamp="2026-09-02T22:38:11.664814+00:00" hostname="agent-env-120f7193-4bde-4c1e-8817-413adce89d25"><testcase classname="tests.test_iteration_37_placement_quiz.TestPlacementQuizGet" name="test_en_returns_6_tier_le_4_questions" time="0.575" /><testcase classname="tests.test_iteration_37_placement_quiz.TestPlacementQuizGet" name="test_de_localized" time="0.490" /><testcase classname="tests.test_iteration_37_placement_quiz.TestPlacementQuizGet" name="test_es_localized" time="0.543" /><testcase classname="tests.test_iteration_37_placement_quiz.TestPlacementQuizGet" name="test_requires_auth" time="0.204" /><testcase classname="tests.test_iteration_37_placement_quiz.TestPlacementQuizCompleteZeroScore" name="test_zero_score_grants_nothing" time="0.502" /><testcase classname="tests.test_iteration_37_placement_quiz.TestPlacementQuizCompletePerfectScore" name="test_perfect_score_caps_level_at_10" time="0.623"><failure message="AssertionError: Expected 1-20 lessons granted, got 85&#10;assert 85 &lt;= 20&#10; +  where 85 = len(['l1', 'l2', 'l3', 'l4', 'l5', 'l6', ...])">E   AssertionError: Expected 1-20 lessons granted, got 85
    assert 85 &lt;= 20
     +  where 85 = len(['l1', 'l2', 'l3', 'l4', 'l5', 'l6', ...])</failure></testcase><testcase classname="tests.test_iteration_37_placement_quiz.TestPlacementQuizCompletePartialScore" name="test_partial_score_targets_level_6" time="0.613"><failure message="AssertionError: Hard safety cap of 20 lessons must never be exceeded&#10;assert 50 &lt;= 20&#10; +  where 50 = len(['l1', 'l2', 'l3', 'l4', 'l5', 'l6', ...])">E   AssertionError: Hard safety cap of 20 lessons must never be exceeded
    assert 50 &lt;= 20
     +  where 50 = len(['l1', 'l2', 'l3', 'l4', 'l5', 'l6', ...])</failure></testcase><testcase classname="tests.test_iteration_37_placement_quiz.TestPlacementQuizDoubleCall" name="test_second_call_does_not_double_grant" time="0.638" /><testcase classname="tests.test_iteration_37_placement_quiz.TestRegressionExperienceAndDemo" name="test_patch_experience_still_works" time="0.574" /><testcase classname="tests.test_iteration_37_placement_quiz.TestRegressionExperienceAndDemo" name="test_demo_login_and_sanity_flows" time="0.830" /></testsuite></testsuites>