<?xml version="1.0" encoding="utf-8"?><testsuites name="pytest tests"><testsuite name="pytest" errors="0" failures="0" skipped="0" tests="13" time="12.562" timestamp="2026-07-29T16:54:42.045733+00:00" hostname="agent-env-120f7193-4bde-4c1e-8817-413adce89d25"><testcase classname="tests.test_iteration_10_settings.TestPatchAccount" name="test_patch_account_updates_name" time="0.640" /><testcase classname="tests.test_iteration_10_settings.TestPatchAccount" name="test_patch_account_empty_name_rejected" time="0.106" /><testcase classname="tests.test_iteration_10_settings.TestPatchAccount" name="test_patch_account_missing_field_422" time="0.127" /><testcase classname="tests.test_iteration_10_settings.TestPatchAccount" name="test_patch_account_requires_auth" time="0.164" /><testcase classname="tests.test_iteration_10_settings.TestPatchAccount" name="test_patch_account_trims_and_truncates" time="0.097" /><testcase classname="tests.test_iteration_10_settings.TestClearTutorHistory" name="test_clear_history_empty_returns_zero" time="0.126" /><testcase classname="tests.test_iteration_10_settings.TestClearTutorHistory" name="test_clear_history_after_chat" time="9.438" /><testcase classname="tests.test_iteration_10_settings.TestClearTutorHistory" name="test_clear_history_requires_auth" time="0.131" /><testcase classname="tests.test_iteration_10_settings.TestRegression" name="test_auth_me" time="0.094" /><testcase classname="tests.test_iteration_10_settings.TestRegression" name="test_account_export_still_works" time="0.133" /><testcase classname="tests.test_iteration_10_settings.TestRegression" name="test_progress_endpoint" time="0.103" /><testcase classname="tests.test_iteration_10_settings.TestRegression" name="test_stocks_endpoint" time="0.576" /><testcase classname="tests.test_iteration_10_settings.TestDeleteAccountFlow" name="test_delete_account_returns_and_invalidates" time="0.759" /></testsuite></testsuites>