<?xml version="1.0" encoding="utf-8"?><testsuites name="pytest tests"><testsuite name="pytest" errors="0" failures="0" skipped="0" tests="15" time="11.745" timestamp="2026-07-24T10:01:29.593103+00:00" hostname="agent-env-120f7193-4bde-4c1e-8817-413adce89d25"><testcase classname="tests.test_iteration_3.TestRegression" name="test_curriculum" time="0.719" /><testcase classname="tests.test_iteration_3.TestDisclaimerGate" name="test_signup_defaults_accepted_terms_false" time="0.719" /><testcase classname="tests.test_iteration_3.TestDisclaimerGate" name="test_me_shows_accepted_terms_false" time="0.102" /><testcase classname="tests.test_iteration_3.TestRegression" name="test_stocks_list" time="0.129" /><testcase classname="tests.test_iteration_3.TestDisclaimerGate" name="test_accept_terms_sets_true" time="0.096" /><testcase classname="tests.test_iteration_3.TestRegression" name="test_stock_detail" time="10.246" /><testcase classname="tests.test_iteration_3.TestDisclaimerGate" name="test_persistence_via_me" time="0.131" /><testcase classname="tests.test_iteration_3.TestDisclaimerGate" name="test_accept_terms_requires_auth" time="0.139" /><testcase classname="tests.test_iteration_3.TestPayPal" name="test_plan_shows_paypal_configured_true" time="0.098" /><testcase classname="tests.test_iteration_3.TestPayPal" name="test_subscription_create_returns_approval_url" time="1.287" /><testcase classname="tests.test_iteration_3.TestPayPal" name="test_restore_via_subscription_status" time="0.901" /><testcase classname="tests.test_iteration_3.TestTutor" name="test_tutor_status" time="0.102" /><testcase classname="tests.test_iteration_3.TestTutor" name="test_tutor_chat" time="2.076" /><testcase classname="tests.test_iteration_3.TestRegression" name="test_leaderboard" time="0.141" /><testcase classname="tests.test_iteration_3.TestRegression" name="test_lesson_complete_awards_xp" time="0.198" /></testsuite></testsuites>