<?xml version="1.0" encoding="utf-8"?><testsuites name="pytest tests"><testsuite name="pytest" errors="0" failures="0" skipped="0" tests="26" time="9.105" timestamp="2026-07-24T09:20:30.745378+00:00" hostname="agent-env-120f7193-4bde-4c1e-8817-413adce89d25"><testcase classname="tests.test_tradequest" name="test_login_demo_or_create" time="0.833" /><testcase classname="tests.test_new_features" name="test_signup_grants_trial" time="0.389" /><testcase classname="tests.test_new_features" name="test_pro_plan_endpoint" time="0.443" /><testcase classname="tests.test_new_features" name="test_curriculum_pro_units" time="0.043" /><testcase classname="tests.test_tradequest" name="test_login_invalid" time="0.489" /><testcase classname="tests.test_new_features" name="test_lesson_l10_accessible_for_trial" time="0.446" /><testcase classname="tests.test_new_features" name="test_tutor_status_pro_user" time="0.043" /><testcase classname="tests.test_new_features" name="test_tutor_chat_returns_reply" time="7.147" /><testcase classname="tests.test_tradequest" name="test_duplicate_signup" time="0.356" /><testcase classname="tests.test_tradequest" name="test_me" time="0.046" /><testcase classname="tests.test_tradequest" name="test_me_no_token" time="0.043" /><testcase classname="tests.test_tradequest" name="test_curriculum" time="0.045" /><testcase classname="tests.test_tradequest" name="test_lesson_content" time="0.047" /><testcase classname="tests.test_tradequest" name="test_lesson_404" time="0.043" /><testcase classname="tests.test_tradequest" name="test_complete_lesson_awards_xp_and_unlocks" time="0.088" /><testcase classname="tests.test_tradequest" name="test_progress" time="0.043" /><testcase classname="tests.test_tradequest" name="test_leaderboard" time="0.045" /><testcase classname="tests.test_tradequest" name="test_stocks_list" time="0.043" /><testcase classname="tests.test_tradequest" name="test_stocks_category" time="0.050" /><testcase classname="tests.test_tradequest" name="test_stock_detail" time="0.043" /><testcase classname="tests.test_tradequest" name="test_stock_404" time="0.051" /><testcase classname="tests.test_new_features" name="test_tutor_chat_empty_message" time="0.043" /><testcase classname="tests.test_new_features" name="test_tutor_history_after_chat" time="0.042" /><testcase classname="tests.test_new_features" name="test_subscription_create_503_when_unconfigured" time="0.042" /><testcase classname="tests.test_new_features" name="test_subscription_status_no_error" time="0.066" /><testcase classname="tests.test_new_features" name="test_subscription_cancel_no_error" time="0.084" /></testsuite></testsuites>