<?xml version="1.0" encoding="utf-8"?><testsuites name="pytest tests"><testsuite name="pytest" errors="0" failures="0" skipped="0" tests="6" time="3.384" timestamp="2026-09-01T22:35:44.471298+00:00" hostname="agent-env-120f7193-4bde-4c1e-8817-413adce89d25"><testcase classname="tests.test_iteration_36_founder_override.TestRegressionNormalUsersUnaffected" name="test_new_signup_active_trial_unaffected" time="0.899" /><testcase classname="tests.test_iteration_36_founder_override.TestFounderOverrideExactCase" name="test_founder_email_forces_premium_despite_expired_low_level_no_sub" time="0.952" /><testcase classname="tests.test_iteration_36_founder_override.TestRegressionNormalUsersUnaffected" name="test_pro_active_subscriber_unaffected" time="0.687" /><testcase classname="tests.test_iteration_36_founder_override.TestNonFounderNoLeak" name="test_non_founder_email_same_setup_shows_ended" time="0.687" /><testcase classname="tests.test_iteration_36_founder_override.TestFounderOverrideCaseInsensitive" name="test_uppercase_founder_email_variant_still_matches_via_db_update" time="0.449" /><testcase classname="tests.test_iteration_36_founder_override.TestOtherEndpointsConsistentForFounder" name="test_practice_and_progress_consistent_with_me_for_founder" time="0.567" /></testsuite></testsuites>