<?xml version="1.0" encoding="utf-8"?><testsuites name="pytest tests"><testsuite name="pytest" errors="0" failures="0" skipped="0" tests="17" time="10.352" timestamp="2026-09-02T22:38:34.651181+00:00" hostname="agent-env-120f7193-4bde-4c1e-8817-413adce89d25"><testcase classname="tests.test_iteration_37_placement_quiz.TestPlacementQuizGet" name="test_en_returns_6_tier_le_4_questions" time="0.639" /><testcase classname="tests.test_iteration_37_placement_quiz.TestPlacementQuizGet" name="test_de_localized" time="0.454" /><testcase classname="tests.test_iteration_37_placement_quiz.TestPlacementQuizGet" name="test_es_localized" time="0.443" /><testcase classname="tests.test_iteration_37_placement_quiz.TestPlacementQuizGet" name="test_requires_auth" time="0.157" /><testcase classname="tests.test_iteration_37_placement_quiz.TestPlacementQuizCompleteZeroScore" name="test_zero_score_grants_nothing" time="0.608" /><testcase classname="tests.test_iteration_37_placement_quiz.TestPlacementQuizCompletePerfectScore" name="test_perfect_score_caps_level_at_10" time="0.459" /><testcase classname="tests.test_iteration_37_placement_quiz.TestPlacementQuizCompletePartialScore" name="test_partial_score_targets_level_6" time="0.622" /><testcase classname="tests.test_iteration_37_placement_quiz.TestPlacementQuizDoubleCall" name="test_second_call_does_not_double_grant" time="0.683" /><testcase classname="tests.test_iteration_37_placement_quiz.TestRegressionExperienceAndDemo" name="test_patch_experience_still_works" time="0.620" /><testcase classname="tests.test_iteration_37_placement_quiz.TestRegressionExperienceAndDemo" name="test_demo_login_and_sanity_flows" time="0.754" /><testcase classname="tests.test_iteration_42_placement_quiz_difficulty.TestPlacementQuizExperienceSome" name="test_some_returns_6_tier_le_4" time="0.498" /><testcase classname="tests.test_iteration_42_placement_quiz_difficulty.TestPlacementQuizExperienceAdvanced" name="test_advanced_returns_6_tier_le_5" time="2.327" /><testcase classname="tests.test_iteration_42_placement_quiz_difficulty.TestPlacementQuizNoExperienceParam" name="test_missing_experience_param_defaults_safely" time="0.531" /><testcase classname="tests.test_iteration_42_placement_quiz_difficulty.TestPlacementQuizNoExperienceParam" name="test_unexpected_experience_value_defaults_to_tier_2" time="0.425" /><testcase classname="tests.test_iteration_42_placement_quiz_difficulty.TestPlacementQuizCompleteRegression" name="test_complete_with_6_total_partial_score" time="0.469" /><testcase classname="tests.test_iteration_42_placement_quiz_difficulty.TestPlacementQuizCompleteRegression" name="test_complete_perfect_score_caps_at_150_lessons" time="0.459" /><testcase classname="tests.test_iteration_42_placement_quiz_difficulty.TestPlacementQuizCompleteRegression" name="test_requires_auth_no_token" time="0.107" /></testsuite></testsuites>