<?xml version="1.0" encoding="utf-8"?><testsuites name="pytest tests"><testsuite name="pytest" errors="0" failures="0" skipped="0" tests="6" time="1.873" timestamp="2026-07-29T17:15:52.305125+00:00" hostname="agent-env-120f7193-4bde-4c1e-8817-413adce89d25"><testcase classname="tests.test_iteration_11_consents" name="test_signup_defaults_all_flags_false" time="0.662" /><testcase classname="tests.test_iteration_11_consents" name="test_accept_terms_400_when_terms_false" time="0.188" /><testcase classname="tests.test_iteration_11_consents" name="test_accept_terms_400_when_disclaimer_false" time="0.105" /><testcase classname="tests.test_iteration_11_consents" name="test_accept_terms_200_persists_all_flags" time="0.226" /><testcase classname="tests.test_iteration_11_consents" name="test_patch_consents_updates" time="0.298" /><testcase classname="tests.test_iteration_11_consents" name="test_account_export_includes_consent_flags" time="0.340" /></testsuite></testsuites>