<?xml version="1.0" encoding="utf-8"?><testsuites name="pytest tests"><testsuite name="pytest" errors="0" failures="0" skipped="0" tests="13" time="5.744" timestamp="2026-08-01T00:08:29.621477+00:00" hostname="agent-env-120f7193-4bde-4c1e-8817-413adce89d25"><testcase classname="tests.test_iteration_12_comms.TestSupport" name="test_valid_returns_ref" time="0.335" /><testcase classname="tests.test_iteration_12_comms.TestForgotPassword" name="test_unknown_email_returns_neutral_200" time="0.394" /><testcase classname="tests.test_iteration_12_comms.TestSupport" name="test_missing_subject" time="0.128" /><testcase classname="tests.test_iteration_12_comms.TestForgotPassword" name="test_known_email_returns_same_neutral_200" time="0.455" /><testcase classname="tests.test_iteration_12_comms.TestSupport" name="test_missing_message" time="0.307" /><testcase classname="tests.test_iteration_12_comms.TestSupport" name="test_header_injection_guard" time="0.094" /><testcase classname="tests.test_iteration_12_comms.TestForgotPassword" name="test_rate_limit_per_email" time="1.128" /><testcase classname="tests.test_iteration_12_comms.TestEmailEventsAndStorage" name="test_password_resets_stores_hash_not_raw" time="0.685" /><testcase classname="tests.test_iteration_12_comms.TestEmailEventsAndStorage" name="test_email_events_minimal_shape" time="0.665" /><testcase classname="tests.test_iteration_12_comms.TestResetPassword" name="test_invalid_token" time="0.094" /><testcase classname="tests.test_iteration_12_comms.TestResetPassword" name="test_weak_password" time="0.608" /><testcase classname="tests.test_iteration_12_comms.TestSessionInvalidation" name="test_old_jwt_rejected_and_login_flip" time="2.991" /><testcase classname="tests.test_iteration_12_comms.TestResetPassword" name="test_valid_token_then_reuse_fails" time="0.658" /></testsuite></testsuites>