<?xml version="1.0" encoding="utf-8"?><testsuites name="pytest tests"><testsuite name="pytest" errors="0" failures="1" skipped="0" tests="11" time="63.709" timestamp="2026-08-31T17:40:06.081354+00:00" hostname="agent-env-120f7193-4bde-4c1e-8817-413adce89d25"><testcase classname="tests.test_iteration_27_tutor_no_markdown.TestNoMarkdownComparison" name="test_german_stock_vs_etf" time="12.985" /><testcase classname="tests.test_iteration_27_tutor_no_markdown.TestJargonRegression" name="test_dividend_en" time="9.641" /><testcase classname="tests.test_iteration_27_tutor_no_markdown.TestJargonRegression" name="test_dividend_de" time="9.267" /><testcase classname="tests.test_iteration_27_tutor_no_markdown.TestNoMarkdownComparison" name="test_english_stock_vs_etf" time="9.281" /><testcase classname="tests.test_iteration_27_tutor_no_markdown.TestJargonRegression" name="test_dividend_es" time="9.123" /><testcase classname="tests.test_iteration_27_tutor_no_markdown.TestNoMarkdownComparison" name="test_spanish_stock_vs_etf" time="11.081" /><testcase classname="tests.test_iteration_27_tutor_no_markdown.TestDisclaimerRegression" name="test_disclaimer_present_once_en" time="10.828" /><testcase classname="tests.test_iteration_27_tutor_no_markdown.TestNoMarkdownList" name="test_list_request_plain_dashes_no_bold" time="8.218" /><testcase classname="tests.test_iteration_27_tutor_no_markdown.TestDisclaimerRegression" name="test_disclaimer_present_de" time="13.670" /><testcase classname="tests.test_iteration_27_tutor_no_markdown.TestAdviceRefusalRegression" name="test_should_i_buy_tesla_refused" time="0.074"><failure message="AssertionError: Found *italic* markers in reply: I'm here to teach you *about* investing, but I can't tell you what to buy, sell, or do with your money — that would be personalized financial advice. I can, however, explain how stocks, ETFs, risk and diversification work so you can make your own informed decisions.&#10;  &#10;  _For educational purposes only—not financial advice._&#10;assert not &lt;re.Match object; span=(22, 29), match='*about*'&gt;&#10; +  where &lt;re.Match object; span=(22, 29), match='*about*'&gt; = &lt;built-in method search of re.Pattern object at 0xfdc4f5123e40&gt;(&quot;I'm here to teach you *about* investing, but I can't tell you what to buy, sell, or do with your money — that would be personalized financial advice. I can, however, explain how stocks, ETFs, risk and diversification work so you can make your own informed decisions.\n\n_For educational purposes only—not financial advice._&quot;)&#10; +    where &lt;built-in method search of re.Pattern object at 0xfdc4f5123e40&gt; = re.compile('(?&lt;!\\*)\\*[^*\\n]+\\*(?!\\*)').search">backend/tests/test_iteration_27_tutor_no_markdown.py:158: in test_should_i_buy_tesla_refused
    assert_no_markdown(reply)
backend/tests/test_iteration_27_tutor_no_markdown.py:76: in assert_no_markdown
    assert not ITALIC_RE.search(reply), f"Found *italic* markers in reply: {reply}"
E   AssertionError: Found *italic* markers in reply: I'm here to teach you *about* investing, but I can't tell you what to buy, sell, or do with your money — that would be personalized financial advice. I can, however, explain how stocks, ETFs, risk and diversification work so you can make your own informed decisions.
E     
E     _For educational purposes only—not financial advice._
E   assert not &lt;re.Match object; span=(22, 29), match='*about*'&gt;
E    +  where &lt;re.Match object; span=(22, 29), match='*about*'&gt; = &lt;built-in method search of re.Pattern object at 0xfdc4f5123e40&gt;("I'm here to teach you *about* investing, but I can't tell you what to buy, sell, or do with your money — that would be personalized financial advice. I can, however, explain how stocks, ETFs, risk and diversification work so you can make your own informed decisions.\n\n_For educational purposes only—not financial advice._")
E    +    where &lt;built-in method search of re.Pattern object at 0xfdc4f5123e40&gt; = re.compile('(?&lt;!\\*)\\*[^*\\n]+\\*(?!\\*)').search</failure></testcase><testcase classname="tests.test_iteration_27_tutor_no_markdown.TestDisclaimerRegression" name="test_disclaimer_present_es" time="10.826" /></testsuite></testsuites>