<?xml version="1.0" encoding="utf-8"?><testsuites name="pytest tests"><testsuite name="pytest" errors="0" failures="0" skipped="0" tests="8" time="3.866" timestamp="2026-08-30T13:52:11.460295+00:00" hostname="agent-env-120f7193-4bde-4c1e-8817-413adce89d25"><testcase classname="tests.test_iteration_21_half_life_memory.TestPracticeDueLessons" name="test_new_user_practice_unchanged" time="0.740" /><testcase classname="tests.test_iteration_21_half_life_memory.TestPracticeDueLessons" name="test_due_lesson_prioritized" time="0.673" /><testcase classname="tests.test_iteration_21_half_life_memory.TestCompleteLessonHalfLife" name="test_first_completion_sets_half_life_1" time="0.825" /><testcase classname="tests.test_iteration_21_half_life_memory.TestCompleteLessonHalfLife" name="test_second_completion_high_accuracy_doubles" time="0.289" /><testcase classname="tests.test_iteration_21_half_life_memory.TestCompleteLessonHalfLife" name="test_third_completion_low_accuracy_halves" time="0.100" /><testcase classname="tests.test_iteration_21_half_life_memory.TestCompleteLessonHalfLife" name="test_cap_at_60_and_floor_at_half" time="1.956" /><testcase classname="tests.test_iteration_21_half_life_memory.TestPracticeDueLessons" name="test_malformed_lesson_memory_skipped_gracefully" time="0.564" /><testcase classname="tests.test_iteration_21_half_life_memory.TestPracticeCompleteRegression" name="test_practice_complete_unchanged" time="0.494" /></testsuite></testsuites>