<?xml version="1.0" encoding="utf-8"?><testsuites name="pytest tests"><testsuite name="pytest" errors="0" failures="0" skipped="0" tests="7" time="22.390" timestamp="2026-07-29T03:09:43.537487+00:00" hostname="agent-env-120f7193-4bde-4c1e-8817-413adce89d25"><testcase classname="tests.test_iteration_7_localization.TestLessonsLocalization" name="test_lesson_en_de_differ" time="0.835" /><testcase classname="tests.test_iteration_7_localization.TestTutorLangReply" name="test_tutor_reply_german" time="8.075" /><testcase classname="tests.test_iteration_7_localization.TestLessonsLocalization" name="test_curriculum_lang" time="0.124" /><testcase classname="tests.test_iteration_7_localization.TestPracticeLocalization" name="test_practice_de" time="0.044" /><testcase classname="tests.test_iteration_7_localization.TestPracticeLocalization" name="test_practice_es" time="0.043" /><testcase classname="tests.test_iteration_7_localization.TestTutorLangReply" name="test_tutor_reply_spanish" time="9.268" /><testcase classname="tests.test_iteration_7_localization.TestTutorLangReply" name="test_tutor_reply_english" time="4.733" /></testsuite></testsuites>