<?xml version="1.0" encoding="utf-8"?><testsuites name="pytest tests"><testsuite name="pytest" errors="0" failures="1" skipped="0" tests="15" time="10.466" timestamp="2026-07-29T02:41:45.078308+00:00" hostname="agent-env-120f7193-4bde-4c1e-8817-413adce89d25"><testcase classname="tests.test_iteration_6_qapilo.TestAuth" name="test_signup_login_flow" time="0.487"><failure message="AssertionError: assert 'test_it6auth...e8@qapilo.app' == 'TEST_it6auth...e8@qapilo.app'&#10;  &#10;  - TEST_it6auth_52dfe3e8@qapilo.app&#10;  ? ^^^^&#10;  + test_it6auth_52dfe3e8@qapilo.app&#10;  ? ^^^^">tests/test_iteration_6_qapilo.py:72: in test_signup_login_flow
    assert j["user"]["email"] == email
E   AssertionError: assert 'test_it6auth...e8@qapilo.app' == 'TEST_it6auth...e8@qapilo.app'
E     
E     - TEST_it6auth_52dfe3e8@qapilo.app
E     ? ^^^^
E     + test_it6auth_52dfe3e8@qapilo.app
E     ? ^^^^</failure></testcase><testcase classname="tests.test_iteration_6_qapilo.TestAuth" name="test_login_wrong_password_fails" time="0.644" /><testcase classname="tests.test_iteration_6_qapilo.TestCurriculum" name="test_returns_50_units_150_lessons_en" time="1.210" /><testcase classname="tests.test_iteration_6_qapilo.TestCurriculum" name="test_pro_flag_on_units_u21_to_u50" time="0.275" /><testcase classname="tests.test_iteration_6_qapilo.TestCurriculum" name="test_trial_user_can_access_pro_lessons" time="0.051" /><testcase classname="tests.test_iteration_6_qapilo.TestAuth" name="test_accept_terms_idempotent" time="0.512" /><testcase classname="tests.test_iteration_6_qapilo.TestCurriculum" name="test_localized_titles_de_es" time="0.157" /><testcase classname="tests.test_iteration_6_qapilo.TestLesson" name="test_lesson_l1_en_shape" time="0.044" /><testcase classname="tests.test_iteration_6_qapilo.TestPractice" name="test_practice_returns_5_questions_shape" time="0.045" /><testcase classname="tests.test_iteration_6_qapilo.TestLesson" name="test_lesson_l1_localized_same_option_count" time="0.134" /><testcase classname="tests.test_iteration_6_qapilo.TestPractice" name="test_practice_localized_de" time="0.048" /><testcase classname="tests.test_iteration_6_qapilo.TestPractice" name="test_practice_complete_awards_xp_and_streak" time="0.098" /><testcase classname="tests.test_iteration_6_qapilo.TestLesson" name="test_complete_lesson_awards_xp" time="0.468" /><testcase classname="tests.test_iteration_6_qapilo.TestTutor" name="test_tutor_price_question_uses_finnhub_and_disclaimer" time="5.377" /><testcase classname="tests.test_iteration_6_qapilo.TestTutor" name="test_tutor_general_question_works" time="2.465" /></testsuite></testsuites>