<?xml version="1.0" encoding="utf-8"?><testsuites name="pytest tests"><testsuite name="pytest" errors="0" failures="0" skipped="0" tests="11" time="2.943" timestamp="2026-07-24T11:41:44.097250+00:00" hostname="agent-env-120f7193-4bde-4c1e-8817-413adce89d25"><testcase classname="tests.test_iteration_5_watchlist.TestStocksListPinning" name="test_list_items_have_in_watchlist_flag" time="1.290" /><testcase classname="tests.test_iteration_5_watchlist.TestToggleSemantics" name="test_toggle_invalid_symbol_returns_404" time="1.118" /><testcase classname="tests.test_iteration_5_watchlist.TestToggleSemantics" name="test_toggle_add_then_remove" time="0.258" /><testcase classname="tests.test_iteration_5_watchlist.TestStocksListPinning" name="test_watchlisted_are_pinned_to_top" time="0.301" /><testcase classname="tests.test_iteration_5_watchlist.TestToggleSemantics" name="test_toggle_lowercase_symbol_normalized" time="0.088" /><testcase classname="tests.test_iteration_5_watchlist.TestAuthGate" name="test_toggle_requires_auth" time="0.175" /><testcase classname="tests.test_iteration_5_watchlist.TestStocksListPinning" name="test_stock_detail_reflects_state" time="0.300" /><testcase classname="tests.test_iteration_5_watchlist.TestAuthGate" name="test_stocks_list_requires_auth" time="0.157" /><testcase classname="tests.test_iteration_5_watchlist.TestPersistence" name="test_watchlist_persists_across_relogin" time="0.829" /><testcase classname="tests.test_iteration_5_watchlist.TestRegression" name="test_search_still_returns_in_watchlist_flag" time="0.041" /><testcase classname="tests.test_iteration_5_watchlist.TestRegression" name="test_category_filter_still_works" time="0.517" /></testsuite></testsuites>