<?xml version="1.0" encoding="utf-8"?><testsuites name="pytest tests"><testsuite name="pytest" errors="0" failures="0" skipped="0" tests="12" time="3.562" timestamp="2026-08-06T15:52:17.861066+00:00" hostname="agent-env-120f7193-4bde-4c1e-8817-413adce89d25"><testcase classname="tests.test_iteration_17_streaks" name="test_signup_returns_created_at" time="0.556" /><testcase classname="tests.test_iteration_17_streaks" name="test_login_returns_created_at" time="0.519" /><testcase classname="tests.test_iteration_17_streaks" name="test_me_returns_created_at" time="0.073" /><testcase classname="tests.test_iteration_17_streaks" name="test_signup_email_verified_false" time="0.000" /><testcase classname="tests.test_iteration_17_streaks" name="test_verify_email_wrong_code_400" time="0.075" /><testcase classname="tests.test_iteration_17_streaks" name="test_resend_verification_rate_limit" time="0.690" /><testcase classname="tests.test_iteration_17_streaks" name="test_demo_login_works" time="0.514" /><testcase classname="tests.test_iteration_17_streaks" name="test_badges_catalog_contains_streak_family" time="0.071" /><testcase classname="tests.test_iteration_17_streaks" name="test_streak_7_badge_awarded" time="0.085" /><testcase classname="tests.test_iteration_17_streaks" name="test_streak_30_badge_awarded" time="0.085" /><testcase classname="tests.test_iteration_17_streaks" name="test_streak_100_badge_awarded" time="0.080" /><testcase classname="tests.test_iteration_17_streaks" name="test_badges_earned_flag_after_awards" time="0.071" /></testsuite></testsuites>