<?xml version="1.0" encoding="utf-8"?><testsuites name="pytest tests"><testsuite name="pytest" errors="0" failures="0" skipped="0" tests="15" time="2.424" timestamp="2026-07-24T08:51:12.117212+00:00" hostname="agent-env-120f7193-4bde-4c1e-8817-413adce89d25"><testcase classname="tests.test_tradequest" name="test_login_demo_or_create" time="0.716" /><testcase classname="tests.test_tradequest" name="test_login_invalid" time="0.488" /><testcase classname="tests.test_tradequest" name="test_duplicate_signup" time="0.305" /><testcase classname="tests.test_tradequest" name="test_me" time="0.042" /><testcase classname="tests.test_tradequest" name="test_me_no_token" time="0.040" /><testcase classname="tests.test_tradequest" name="test_curriculum" time="0.041" /><testcase classname="tests.test_tradequest" name="test_lesson_content" time="0.047" /><testcase classname="tests.test_tradequest" name="test_lesson_404" time="0.042" /><testcase classname="tests.test_tradequest" name="test_complete_lesson_awards_xp_and_unlocks" time="0.083" /><testcase classname="tests.test_tradequest" name="test_progress" time="0.043" /><testcase classname="tests.test_tradequest" name="test_leaderboard" time="0.048" /><testcase classname="tests.test_tradequest" name="test_stocks_list" time="0.041" /><testcase classname="tests.test_tradequest" name="test_stocks_category" time="0.041" /><testcase classname="tests.test_tradequest" name="test_stock_detail" time="0.082" /><testcase classname="tests.test_tradequest" name="test_stock_404" time="0.042" /></testsuite></testsuites>