<?xml version="1.0" encoding="utf-8"?><testsuites name="pytest tests"><testsuite name="pytest" errors="0" failures="0" skipped="0" tests="8" time="3.869" timestamp="2026-09-01T21:52:40.974453+00:00" hostname="agent-env-120f7193-4bde-4c1e-8817-413adce89d25"><testcase classname="tests.test_iteration_33_vouchers.TestVoucherValidate" name="test_welcome20_case_insensitive" time="1.117" /><testcase classname="tests.test_iteration_33_vouchers.TestVoucherValidate" name="test_expired10" time="0.165" /><testcase classname="tests.test_iteration_33_vouchers.TestVoucherValidate" name="test_inactive5" time="0.139" /><testcase classname="tests.test_iteration_33_vouchers.TestVoucherValidate" name="test_maxedout" time="0.239" /><testcase classname="tests.test_iteration_33_vouchers.TestVoucherValidate" name="test_proonly_not_applicable_then_applicable" time="0.264" /><testcase classname="tests.test_iteration_33_vouchers.TestVoucherValidate" name="test_not_found" time="0.117" /><testcase classname="tests.test_iteration_33_vouchers.TestVoucherValidate" name="test_unauthenticated_rejected" time="0.216" /><testcase classname="tests.test_iteration_33_vouchers.TestVoucherValidate" name="test_redemption_count_never_incremented" time="0.755" /></testsuite></testsuites>