<?xml version="1.0" encoding="utf-8"?><testsuites name="pytest tests"><testsuite name="pytest" errors="0" failures="0" skipped="0" tests="15" time="6.588" timestamp="2026-09-02T22:53:01.052836+00:00" hostname="agent-env-120f7193-4bde-4c1e-8817-413adce89d25"><testcase classname="tests.test_iteration_40_practice_pro_gate.TestPracticeGatePremium" name="test_practice_get_403_within_trial_only" time="0.933" /><testcase classname="tests.test_iteration_40_practice_pro_gate.TestPracticeGateNonPremium" name="test_practice_get_403_after_trial_expired" time="0.985" /><testcase classname="tests.test_iteration_40_practice_pro_gate.TestPracticeGatePremium" name="test_practice_get_200_with_pro_active" time="0.758" /><testcase classname="tests.test_iteration_40_practice_pro_gate.TestPracticeGateNonPremium" name="test_practice_complete_403_after_trial_expired" time="0.664" /><testcase classname="tests.test_iteration_40_practice_pro_gate.TestPracticeGateNonPremium" name="test_practice_403_localized[de-de]" time="0.676" /><testcase classname="tests.test_practice_pro_gating.TestTrialUserBlockedFromPractice" name="test_trial_user_get_practice_403" time="0.967" /><testcase classname="tests.test_iteration_40_practice_pro_gate.TestPracticeGateNonPremium" name="test_practice_403_localized[es-es]" time="0.418" /><testcase classname="tests.test_practice_pro_gating.TestTrialUserBlockedFromPractice" name="test_trial_user_post_practice_complete_403" time="0.699" /><testcase classname="tests.test_iteration_40_practice_pro_gate.TestPracticeGateNonPremium" name="test_practice_403_localized[en-en]" time="0.685" /><testcase classname="tests.test_practice_pro_gating.TestSubscribedUserAllowedPractice" name="test_pro_active_user_get_practice_200" time="0.719" /><testcase classname="tests.test_iteration_40_practice_pro_gate.TestPracticeGateNonPremium" name="test_duels_still_free_for_non_premium" time="0.752" /><testcase classname="tests.test_practice_pro_gating.TestSubscribedUserAllowedPractice" name="test_pro_active_user_post_practice_complete_200" time="0.430" /><testcase classname="tests.test_practice_pro_gating.TestFounderOverride" name="test_founder_practice_access" time="1.051" /><testcase classname="tests.test_practice_pro_gating.TestPremiumLessonRegressionTrialAccess" name="test_trial_user_can_access_pro_unit_lesson" time="0.911" /><testcase classname="tests.test_practice_pro_gating.TestGeneralAuthMeUnaffected" name="test_trial_user_auth_me_is_pro_true" time="0.660" /></testsuite></testsuites>