<?xml version="1.0" encoding="utf-8"?><testsuites name="pytest tests"><testsuite name="pytest" errors="0" failures="3" skipped="0" tests="10" time="4.767" timestamp="2026-09-01T22:43:00.463145+00:00" hostname="agent-env-120f7193-4bde-4c1e-8817-413adce89d25"><testcase classname="tests.test_iteration_37_placement_quiz.TestRegressionExperienceAndDemo" name="test_patch_experience_still_works" time="0.998" /><testcase classname="tests.test_iteration_37_placement_quiz.TestPlacementQuizGet" name="test_en_returns_7_tier_le_2_questions" time="0.967" /><testcase classname="tests.test_iteration_37_placement_quiz.TestPlacementQuizGet" name="test_de_localized" time="0.992" /><testcase classname="tests.test_iteration_37_placement_quiz.TestRegressionExperienceAndDemo" name="test_demo_login_and_sanity_flows" time="1.009" /><testcase classname="tests.test_iteration_37_placement_quiz.TestPlacementQuizGet" name="test_es_localized" time="0.690" /><testcase classname="tests.test_iteration_37_placement_quiz.TestPlacementQuizCompleteZeroScore" name="test_zero_score_grants_nothing" time="0.748"><failure message="assert None is not None">backend/tests/test_iteration_37_placement_quiz.py:103: in test_zero_score_grants_nothing
    assert pqr is not None
E   assert None is not None</failure></testcase><testcase classname="tests.test_iteration_37_placement_quiz.TestPlacementQuizGet" name="test_requires_auth" time="0.156" /><testcase classname="tests.test_iteration_37_placement_quiz.TestPlacementQuizCompletePerfectScore" name="test_perfect_score_caps_level_at_10" time="0.745"><failure message="KeyError: 'placement_quiz_result'">backend/tests/test_iteration_37_placement_quiz.py:132: in test_perfect_score_caps_level_at_10
    pqr = updated["placement_quiz_result"]
          ^^^^^^^^^^^^^^^^^^^^^^^^^^^^^^^^
E   KeyError: 'placement_quiz_result'</failure></testcase><testcase classname="tests.test_iteration_37_placement_quiz.TestPlacementQuizCompletePartialScore" name="test_partial_score_targets_level_6" time="0.687"><failure message="AssertionError: Should not need the hard cap for a mid score&#10;assert 20 &lt; 20&#10; +  where 20 = len(['l1', 'l2', 'l3', 'l4', 'l5', 'l6', ...])">backend/tests/test_iteration_37_placement_quiz.py:155: in test_partial_score_targets_level_6
    assert len(granted_lessons) &lt; 20, "Should not need the hard cap for a mid score"
E   AssertionError: Should not need the hard cap for a mid score
E   assert 20 &lt; 20
E    +  where 20 = len(['l1', 'l2', 'l3', 'l4', 'l5', 'l6', ...])</failure></testcase><testcase classname="tests.test_iteration_37_placement_quiz.TestPlacementQuizDoubleCall" name="test_second_call_does_not_double_grant" time="0.916" /></testsuite></testsuites>