<?xml version="1.0" encoding="utf-8"?><testsuites name="pytest tests"><testsuite name="pytest" errors="0" failures="0" skipped="0" tests="11" time="2.722" timestamp="2026-09-02T22:46:01.718145+00:00" hostname="agent-env-120f7193-4bde-4c1e-8817-413adce89d25"><testcase classname="tests.test_signup_domain_validation.TestAuthRegressionUnaffected" name="test_google_auth_invalid_session_unaffected" time="0.409" /><testcase classname="tests.test_signup_domain_validation.TestSignupDomainValidationFakeDomain" name="test_fake_domain_rejected_400_en" time="0.331" /><testcase classname="tests.test_signup_domain_validation.TestSignupDomainValidationFakeDomain" name="test_fake_domain_rejected_400_de" time="0.151" /><testcase classname="tests.test_signup_domain_validation.TestAuthRegressionUnaffected" name="test_apple_auth_invalid_token_unaffected" time="0.129" /><testcase classname="tests.test_signup_domain_validation.TestSignupDomainValidationFakeDomain" name="test_fake_domain_rejected_400_es" time="0.253" /><testcase classname="tests.test_signup_domain_validation.TestAuthRegressionUnaffected" name="test_forgot_password_unaffected" time="0.132" /><testcase classname="tests.test_signup_domain_validation.TestAuthRegressionUnaffected" name="test_forgot_password_fake_domain_still_200" time="0.162" /><testcase classname="tests.test_signup_domain_validation.TestSignupDomainValidationFakeDomain" name="test_fake_domain_no_user_created" time="0.670" /><testcase classname="tests.test_signup_domain_validation.TestSignupDuplicateEmailRegression" name="test_duplicate_email_still_returns_email_taken" time="1.177" /><testcase classname="tests.test_signup_domain_validation.TestSignupDomainValidationRealDomain" name="test_valid_domain_signup_succeeds" time="0.537" /><testcase classname="tests.test_signup_domain_validation.TestSignupDomainValidationRealDomain" name="test_valid_domain_outlook_signup_succeeds" time="0.439" /></testsuite></testsuites>