<?xml version="1.0" encoding="utf-8"?><testsuites name="pytest tests"><testsuite name="pytest" errors="0" failures="0" skipped="0" tests="10" time="4.023" timestamp="2026-09-01T22:46:31.832375+00:00" hostname="agent-env-120f7193-4bde-4c1e-8817-413adce89d25"><testcase classname="tests.test_iteration_37_placement_quiz.TestRegressionExperienceAndDemo" name="test_patch_experience_still_works" time="0.853" /><testcase classname="tests.test_iteration_37_placement_quiz.TestPlacementQuizGet" name="test_en_returns_7_tier_le_2_questions" time="0.833" /><testcase classname="tests.test_iteration_37_placement_quiz.TestPlacementQuizGet" name="test_de_localized" time="0.929" /><testcase classname="tests.test_iteration_37_placement_quiz.TestRegressionExperienceAndDemo" name="test_demo_login_and_sanity_flows" time="0.878" /><testcase classname="tests.test_iteration_37_placement_quiz.TestPlacementQuizCompleteZeroScore" name="test_zero_score_grants_nothing" time="0.694" /><testcase classname="tests.test_iteration_37_placement_quiz.TestPlacementQuizGet" name="test_es_localized" time="0.693" /><testcase classname="tests.test_iteration_37_placement_quiz.TestPlacementQuizCompletePerfectScore" name="test_perfect_score_caps_level_at_10" time="0.507" /><testcase classname="tests.test_iteration_37_placement_quiz.TestPlacementQuizGet" name="test_requires_auth" time="0.352" /><testcase classname="tests.test_iteration_37_placement_quiz.TestPlacementQuizDoubleCall" name="test_second_call_does_not_double_grant" time="0.898" /><testcase classname="tests.test_iteration_37_placement_quiz.TestPlacementQuizCompletePartialScore" name="test_partial_score_targets_level_6" time="0.701" /></testsuite></testsuites>