<?xml version="1.0" encoding="utf-8"?><testsuites name="pytest tests"><testsuite name="pytest" errors="0" failures="0" skipped="0" tests="11" time="4.744" timestamp="2026-07-29T03:43:58.161795+00:00" hostname="agent-env-120f7193-4bde-4c1e-8817-413adce89d25"><testcase classname="tests.test_iteration_8_gdpr.TestAccountExport" name="test_export_requires_auth" time="0.115" /><testcase classname="tests.test_iteration_8_gdpr.TestAccountExport" name="test_export_returns_expected_structure" time="1.006" /><testcase classname="tests.test_iteration_8_gdpr.TestRefreshEndpoints" name="test_progress" time="0.588" /><testcase classname="tests.test_iteration_8_gdpr.TestRefreshEndpoints" name="test_stocks" time="0.554" /><testcase classname="tests.test_iteration_8_gdpr.TestAccountExport" name="test_export_includes_chat_history_after_advice_refusal" time="0.656" /><testcase classname="tests.test_iteration_8_gdpr.TestRefreshEndpoints" name="test_stock_detail" time="0.316" /><testcase classname="tests.test_iteration_8_gdpr.TestRefreshEndpoints" name="test_leaderboard" time="0.117" /><testcase classname="tests.test_iteration_8_gdpr.TestRefreshEndpoints" name="test_curriculum" time="0.261" /><testcase classname="tests.test_iteration_8_gdpr.TestAccountDelete" name="test_delete_requires_auth" time="0.122" /><testcase classname="tests.test_iteration_8_gdpr.TestAccountDelete" name="test_delete_removes_user_and_invalidates_token" time="1.266" /><testcase classname="tests.test_iteration_8_gdpr.TestAccountDelete" name="test_delete_removes_chat_messages" time="1.260" /></testsuite></testsuites>