<?xml version="1.0" encoding="utf-8"?><testsuites name="pytest tests"><testsuite name="pytest" errors="0" failures="0" skipped="0" tests="17" time="4.218" timestamp="2026-07-24T11:19:02.672272+00:00" hostname="agent-env-120f7193-4bde-4c1e-8817-413adce89d25"><testcase classname="tests.test_iteration_4" name="test_stocks_list_source_is_finnhub" time="1.022" /><testcase classname="tests.test_iteration_4" name="test_aapl_detail_history_matches_price" time="0.045" /><testcase classname="tests.test_iteration_4" name="test_curriculum_localized[en-Stock Market]" time="0.045" /><testcase classname="tests.test_iteration_4" name="test_curriculum_localized[de-B\xf6rsen]" time="0.044" /><testcase classname="tests.test_iteration_4" name="test_curriculum_localized[es-bolsa]" time="0.044" /><testcase classname="tests.test_iteration_4" name="test_stocks_explain_localized_de" time="0.085" /><testcase classname="tests.test_iteration_4" name="test_stocks_explain_localized_es" time="0.045" /><testcase classname="tests.test_iteration_4" name="test_lesson_localized_de" time="0.044" /><testcase classname="tests.test_iteration_4" name="test_lang_fallback_invalid" time="0.041" /><testcase classname="tests.test_iteration_4" name="test_auth_me" time="0.044" /><testcase classname="tests.test_iteration_4" name="test_login_flow" time="0.487" /><testcase classname="tests.test_iteration_4" name="test_accept_terms" time="0.046" /><testcase classname="tests.test_iteration_4" name="test_leaderboard" time="0.045" /><testcase classname="tests.test_iteration_4" name="test_complete_lesson_awards_xp" time="0.044" /><testcase classname="tests.test_iteration_4" name="test_progress_endpoint" time="0.043" /><testcase classname="tests.test_iteration_4" name="test_tutor_status" time="0.044" /><testcase classname="tests.test_iteration_4" name="test_tutor_chat_returns_reply" time="1.723" /></testsuite></testsuites>