<?xml version="1.0" encoding="utf-8"?><testsuites name="pytest tests"><testsuite name="pytest" errors="0" failures="0" skipped="0" tests="13" time="3.033" timestamp="2026-08-31T18:25:43.898794+00:00" hostname="agent-env-120f7193-4bde-4c1e-8817-413adce89d25"><testcase classname="tests.test_iteration_30_duels.TestDuelCompletionFlow" name="test_setup_new_duel" time="1.294" /><testcase classname="tests.test_iteration_30_duels.TestDuelCompletionFlow" name="test_creator_completes" time="0.102" /><testcase classname="tests.test_iteration_30_duels.TestDuelCreationAndFetch" name="test_create_duel" time="1.410" /><testcase classname="tests.test_iteration_30_duels.TestDuelCompletionFlow" name="test_creator_cannot_replay" time="0.145" /><testcase classname="tests.test_iteration_30_duels.TestDuelCreationAndFetch" name="test_get_duel_en_matches_creation" time="0.094" /><testcase classname="tests.test_iteration_30_duels.TestDuelCreationAndFetch" name="test_get_duel_de_localized" time="0.086" /><testcase classname="tests.test_iteration_30_duels.TestDuelCreationAndFetch" name="test_get_duel_es_localized" time="0.280" /><testcase classname="tests.test_iteration_30_duels.TestDuelCreationAndFetch" name="test_get_duel_not_found" time="0.128" /><testcase classname="tests.test_iteration_30_duels.TestDuelCompletionFlow" name="test_opponent_b_completes" time="0.453" /><testcase classname="tests.test_iteration_30_duels.TestDuelCompletionFlow" name="test_opponent_b_cannot_replay" time="0.124" /><testcase classname="tests.test_iteration_30_duels.TestRegressionPracticeAndXp" name="test_practice_endpoint_unchanged_shape" time="0.082" /><testcase classname="tests.test_iteration_30_duels.TestRegressionPracticeAndXp" name="test_xp_streak_unchanged_after_duel" time="0.620" /><testcase classname="tests.test_iteration_30_duels.TestDuelCompletionFlow" name="test_third_user_c_blocked" time="0.504" /></testsuite></testsuites>