<?xml version="1.0" encoding="utf-8"?><testsuites name="pytest tests"><testsuite name="pytest" errors="0" failures="0" skipped="0" tests="9" time="39.571" timestamp="2026-08-31T17:41:24.989866+00:00" hostname="agent-env-120f7193-4bde-4c1e-8817-413adce89d25"><testcase classname="tests.test_iteration_22_tutor_jargon_prompt.TestJargonDefinitionInline" name="test_english_dividend_question" time="10.453" /><testcase classname="tests.test_iteration_22_tutor_jargon_prompt.TestAdviceRefusalRegression" name="test_should_i_buy_tesla_refused" time="0.849" /><testcase classname="tests.test_iteration_22_tutor_jargon_prompt.TestAdviceRefusalRegression" name="test_invest_10000_refused" time="0.086" /><testcase classname="tests.test_iteration_22_tutor_jargon_prompt.TestDisclaimerRegression" name="test_disclaimer_present_once_en" time="10.425" /><testcase classname="tests.test_iteration_22_tutor_jargon_prompt.TestJargonDefinitionInline" name="test_german_dividend_question" time="9.207" /><testcase classname="tests.test_iteration_22_tutor_jargon_prompt.TestDisclaimerRegression" name="test_disclaimer_present_de" time="14.751" /><testcase classname="tests.test_iteration_22_tutor_jargon_prompt.TestJargonDefinitionInline" name="test_spanish_dividend_question" time="8.016" /><testcase classname="tests.test_iteration_22_tutor_jargon_prompt.TestConciseness" name="test_reply_not_too_long" time="13.123" /><testcase classname="tests.test_iteration_22_tutor_jargon_prompt.TestNoLiveDataInvented" name="test_no_price_when_not_provided" time="7.485" /></testsuite></testsuites>