<?xml version="1.0" encoding="utf-8"?><testsuites name="pytest tests"><testsuite name="pytest" errors="0" failures="0" skipped="0" tests="6" time="28.827" timestamp="2026-09-02T22:18:47.268248+00:00" hostname="agent-env-120f7193-4bde-4c1e-8817-413adce89d25"><testcase classname="tests.test_iteration_41_tutor_conciseness.TestAdviceRefusalUnaffected" name="test_advice_refusal_empty_followups" time="0.888" /><testcase classname="tests.test_iteration_41_tutor_conciseness.TestConciseness" name="test_reply_is_short[en-What is a dividend?]" time="6.443" /><testcase classname="tests.test_iteration_41_tutor_conciseness.TestConciseness" name="test_reply_is_short[de-Was ist eine Dividende?]" time="5.463" /><testcase classname="tests.test_iteration_41_tutor_conciseness.TestConciseness" name="test_followups_still_returned" time="5.980" /><testcase classname="tests.test_iteration_41_tutor_conciseness.TestConciseness" name="test_no_markdown_in_shortened_reply" time="6.683" /><testcase classname="tests.test_iteration_41_tutor_conciseness.TestConciseness" name="test_inline_jargon_definition_present" time="3.926" /></testsuite></testsuites>